<?xml version="1.0" encoding="UTF-8"?>
<testng-results ignored="0" total="1" passed="1" failed="0" skipped="0">
  <reporter-output>
  </reporter-output>
  <suite started-at="2024-09-12T09:00:09 CST" name="Local" finished-at="2024-09-12T09:00:15 CST" duration-ms="5661">
    <groups>
    </groups>
    <test started-at="2024-09-12T09:00:09 CST" name="SimpleTest" finished-at="2024-09-12T09:00:15 CST" duration-ms="5661">
      <class name="selfhealinglocators.SimpleTest">
        <test-method is-config="true" signature="setUp()[pri:0, instance:selfhealinglocators.SimpleTest@2ea6e30c]" started-at="2024-09-12T09:00:09 CST" name="setUp" finished-at="2024-09-12T09:00:12 CST" duration-ms="2297" status="PASS">
          <reporter-output>
          </reporter-output>
        </test-method> <!-- setUp -->
        <test-method signature="test()[pri:0, instance:selfhealinglocators.SimpleTest@2ea6e30c]" started-at="2024-09-12T09:00:12 CST" name="test" finished-at="2024-09-12T09:00:15 CST" duration-ms="3092" status="PASS">
          <reporter-output>
          </reporter-output>
        </test-method> <!-- test -->
        <test-method is-config="true" signature="tearDown()[pri:0, instance:selfhealinglocators.SimpleTest@2ea6e30c]" started-at="2024-09-12T09:00:15 CST" name="tearDown" finished-at="2024-09-12T09:00:15 CST" duration-ms="257" status="PASS">
          <reporter-output>
          </reporter-output>
        </test-method> <!-- tearDown -->
      </class> <!-- selfhealinglocators.SimpleTest -->
    </test> <!-- SimpleTest -->
  </suite> <!-- Local -->
</testng-results>
