<?xml version="1.0" encoding="UTF-8"?>
<testng-results ignored="0" total="8" passed="6" failed="2" skipped="0">
  <reporter-output>
  </reporter-output>
  <suite started-at="2024-09-30T17:09:09 CST" name="Surefire suite" finished-at="2024-09-30T17:09:28 CST" duration-ms="19071">
    <groups>
    </groups>
    <test started-at="2024-09-30T17:09:09 CST" name="Surefire test" finished-at="2024-09-30T17:09:28 CST" duration-ms="19071">
      <class name="selfhealinglocators.Tests">
        <test-method is-config="true" signature="setUp(selfhealinglocators.DriverType)[pri:0, instance:selfhealinglocators.Tests@27c86f2d]" started-at="2024-09-30T17:09:09 CST" name="setUp" finished-at="2024-09-30T17:09:10 CST" duration-ms="1421" status="PASS">
          <params>
            <param index="0">
              <value>
                <![CDATA[ChromeHealenium]]>
              </value>
            </param>
          </params>
          <reporter-output>
          </reporter-output>
        </test-method> <!-- setUp -->
        <test-method signature="FormTest(java.lang.String,java.lang.String,java.lang.String,java.lang.String)[pri:0, instance:selfhealinglocators.Tests@27c86f2d]" started-at="2024-09-30T17:09:10 CST" name="FormTest" data-provider="testData" finished-at="2024-09-30T17:09:13 CST" duration-ms="2798" status="PASS">
          <params>
            <param index="0">
              <value>
                <![CDATA[http://r4d4.info/form-button-label]]>
              </value>
            </param>
            <param index="1">
              <value>
                <![CDATA[//input[@id='messageNew']]]>
              </value>
            </param>
            <param index="2">
              <value>
                <![CDATA[//button[@id='changer']]]>
              </value>
            </param>
            <param index="3">
              <value>
                <![CDATA[correct]]>
              </value>
            </param>
          </params>
          <reporter-output>
          </reporter-output>
        </test-method> <!-- FormTest -->
        <test-method is-config="true" signature="tearDown()[pri:0, instance:selfhealinglocators.Tests@27c86f2d]" started-at="2024-09-30T17:09:13 CST" name="tearDown" finished-at="2024-09-30T17:09:13 CST" duration-ms="93" status="PASS">
          <reporter-output>
          </reporter-output>
        </test-method> <!-- tearDown -->
        <test-method is-config="true" signature="setUp(selfhealinglocators.DriverType)[pri:0, instance:selfhealinglocators.Tests@27c86f2d]" started-at="2024-09-30T17:09:13 CST" name="setUp" finished-at="2024-09-30T17:09:14 CST" duration-ms="565" status="PASS">
          <params>
            <param index="0">
              <value>
                <![CDATA[ChromeHealenium]]>
              </value>
            </param>
          </params>
          <reporter-output>
          </reporter-output>
        </test-method> <!-- setUp -->
        <test-method signature="FormTest(java.lang.String,java.lang.String,java.lang.String,java.lang.String)[pri:0, instance:selfhealinglocators.Tests@27c86f2d]" started-at="2024-09-30T17:09:14 CST" name="FormTest" data-provider="testData" finished-at="2024-09-30T17:09:16 CST" duration-ms="2605" status="PASS">
          <params>
            <param index="0">
              <value>
                <![CDATA[http://r4d4.info/form-button-label2]]>
              </value>
            </param>
            <param index="1">
              <value>
                <![CDATA[//input[@id='messageNew']]]>
              </value>
            </param>
            <param index="2">
              <value>
                <![CDATA[//a[@id='pusher']]]>
              </value>
            </param>
            <param index="3">
              <value>
                <![CDATA[correct]]>
              </value>
            </param>
          </params>
          <reporter-output>
          </reporter-output>
        </test-method> <!-- FormTest -->
        <test-method is-config="true" signature="tearDown()[pri:0, instance:selfhealinglocators.Tests@27c86f2d]" started-at="2024-09-30T17:09:16 CST" name="tearDown" finished-at="2024-09-30T17:09:16 CST" duration-ms="96" status="PASS">
          <reporter-output>
          </reporter-output>
        </test-method> <!-- tearDown -->
        <test-method is-config="true" signature="setUp(selfhealinglocators.DriverType)[pri:0, instance:selfhealinglocators.Tests@27c86f2d]" started-at="2024-09-30T17:09:16 CST" name="setUp" finished-at="2024-09-30T17:09:17 CST" duration-ms="739" status="PASS">
          <params>
            <param index="0">
              <value>
                <![CDATA[ChromeHealenium]]>
              </value>
            </param>
          </params>
          <reporter-output>
          </reporter-output>
        </test-method> <!-- setUp -->
        <test-method signature="FormTest(java.lang.String,java.lang.String,java.lang.String,java.lang.String)[pri:0, instance:selfhealinglocators.Tests@27c86f2d]" started-at="2024-09-30T17:09:17 CST" name="FormTest" data-provider="testData" finished-at="2024-09-30T17:09:19 CST" duration-ms="1859" status="FAIL">
          <params>
            <param index="0">
              <value>
                <![CDATA[http://r4d4.info/form-button-label]]>
              </value>
            </param>
            <param index="1">
              <value>
                <![CDATA[//input[@id='messageNew']]]>
              </value>
            </param>
            <param index="2">
              <value>
                <![CDATA[//a[@id='pusher']]]>
              </value>
            </param>
            <param index="3">
              <value>
                <![CDATA[broken]]>
              </value>
            </param>
          </params>
          <exception class="org.openqa.selenium.NoSuchElementException">
            <message>
              <![CDATA[no such element: Unable to locate element: {"method":"xpath","selector":"//a[@id='pusher']"}
  (Session info: chrome=128.0.6613.119)
For documentation on this error, please visit: https://www.selenium.dev/documentation/webdriver/troubleshooting/errors#no-such-element-exception
Build info: version: '4.25.0', revision: '8a8aea2337'
System info: os.name: 'Mac OS X', os.arch: 'x86_64', os.version: '14.7', java.version: '22.0.2'
Driver info: org.openqa.selenium.remote.RemoteWebDriver
Command: [8965f7a9a79d7baea55e93b3a8c47221, findElement {value=//a[@id='pusher'], using=xpath}]
Capabilities {acceptInsecureCerts: false, browserName: chrome, browserVersion: 128.0.6613.119, chrome: {chromedriverVersion: 128.0.6613.119 (6e439cfca4d..., userDataDir: /tmp/.org.chromium.Chromium...}, fedcm:accounts: true, goog:chromeOptions: {debuggerAddress: localhost:37947}, networkConnectionEnabled: false, pageLoadStrategy: normal, platformName: linux, proxy: Proxy(), se:bidiEnabled: false, se:cdp: ws://172.18.0.5:4444/sessio..., se:cdpVersion: 128.0.6613.119, se:containerName: , se:noVncPort: 7900, se:vnc: ws://172.18.0.5:4444/sessio..., se:vncEnabled: true, se:vncLocalAddress: ws://172.18.0.5:7900, setWindowRect: true, strictFileInteractability: false, timeouts: {implicit: 0, pageLoad: 300000, script: 30000}, unhandledPromptBehavior: dismiss and notify, webauthn:extension:credBlob: true, webauthn:extension:largeBlob: true, webauthn:extension:minPinLength: true, webauthn:extension:prf: true, webauthn:virtualAuthenticators: true}
Session ID: 8965f7a9a79d7baea55e93b3a8c47221]]>
            </message>
            <full-stacktrace>
              <![CDATA[org.openqa.selenium.NoSuchElementException: no such element: Unable to locate element: {"method":"xpath","selector":"//a[@id='pusher']"}
  (Session info: chrome=128.0.6613.119)
For documentation on this error, please visit: https://www.selenium.dev/documentation/webdriver/troubleshooting/errors#no-such-element-exception
Build info: version: '4.25.0', revision: '8a8aea2337'
System info: os.name: 'Mac OS X', os.arch: 'x86_64', os.version: '14.7', java.version: '22.0.2'
Driver info: org.openqa.selenium.remote.RemoteWebDriver
Command: [8965f7a9a79d7baea55e93b3a8c47221, findElement {value=//a[@id='pusher'], using=xpath}]
Capabilities {acceptInsecureCerts: false, browserName: chrome, browserVersion: 128.0.6613.119, chrome: {chromedriverVersion: 128.0.6613.119 (6e439cfca4d..., userDataDir: /tmp/.org.chromium.Chromium...}, fedcm:accounts: true, goog:chromeOptions: {debuggerAddress: localhost:37947}, networkConnectionEnabled: false, pageLoadStrategy: normal, platformName: linux, proxy: Proxy(), se:bidiEnabled: false, se:cdp: ws://172.18.0.5:4444/sessio..., se:cdpVersion: 128.0.6613.119, se:containerName: , se:noVncPort: 7900, se:vnc: ws://172.18.0.5:4444/sessio..., se:vncEnabled: true, se:vncLocalAddress: ws://172.18.0.5:7900, setWindowRect: true, strictFileInteractability: false, timeouts: {implicit: 0, pageLoad: 300000, script: 30000}, unhandledPromptBehavior: dismiss and notify, webauthn:extension:credBlob: true, webauthn:extension:largeBlob: true, webauthn:extension:minPinLength: true, webauthn:extension:prf: true, webauthn:virtualAuthenticators: true}
Session ID: 8965f7a9a79d7baea55e93b3a8c47221
at java.base/jdk.internal.reflect.DirectConstructorHandleAccessor.newInstance(DirectConstructorHandleAccessor.java:62)
at java.base/java.lang.reflect.Constructor.newInstanceWithCaller(Constructor.java:502)
at java.base/java.lang.reflect.Constructor.newInstance(Constructor.java:486)
at org.openqa.selenium.remote.ErrorCodec.decode(ErrorCodec.java:167)
at org.openqa.selenium.remote.codec.w3c.W3CHttpResponseCodec.decode(W3CHttpResponseCodec.java:138)
at org.openqa.selenium.remote.codec.w3c.W3CHttpResponseCodec.decode(W3CHttpResponseCodec.java:50)
at org.openqa.selenium.remote.HttpCommandExecutor.execute(HttpCommandExecutor.java:190)
at org.openqa.selenium.remote.TracedCommandExecutor.execute(TracedCommandExecutor.java:53)
at org.openqa.selenium.remote.RemoteWebDriver.execute(RemoteWebDriver.java:545)
at org.openqa.selenium.remote.ElementLocation$ElementFinder$2.findElement(ElementLocation.java:165)
at org.openqa.selenium.remote.ElementLocation.findElement(ElementLocation.java:59)
at org.openqa.selenium.remote.RemoteWebDriver.findElement(RemoteWebDriver.java:368)
at org.openqa.selenium.remote.RemoteWebDriver.findElement(RemoteWebDriver.java:362)
at com.epam.healenium.processor.FindElementProcessor.execute(FindElementProcessor.java:23)
at com.epam.healenium.processor.BaseProcessor.process(BaseProcessor.java:42)
at com.epam.healenium.handlers.proxy.BaseHandler.findElement(BaseHandler.java:63)
at com.epam.healenium.handlers.proxy.SelfHealingProxyInvocationHandler.invoke(SelfHealingProxyInvocationHandler.java:39)
at jdk.proxy2/jdk.proxy2.$Proxy8.findElement(Unknown Source)
at selfhealinglocators.Tests.FormTest(Tests.java:45)
at java.base/jdk.internal.reflect.DirectMethodHandleAccessor.invoke(DirectMethodHandleAccessor.java:103)
at java.base/java.lang.reflect.Method.invoke(Method.java:580)
at org.testng.internal.invokers.MethodInvocationHelper.invokeMethod(MethodInvocationHelper.java:141)
at org.testng.internal.invokers.TestInvoker.invokeMethod(TestInvoker.java:686)
at org.testng.internal.invokers.TestInvoker.invokeTestMethod(TestInvoker.java:230)
at org.testng.internal.invokers.MethodRunner.runInSequence(MethodRunner.java:63)
at org.testng.internal.invokers.TestInvoker$MethodInvocationAgent.invoke(TestInvoker.java:992)
at org.testng.internal.invokers.TestInvoker.invokeTestMethods(TestInvoker.java:203)
at org.testng.internal.invokers.TestMethodWorker.invokeTestMethods(TestMethodWorker.java:154)
at org.testng.internal.invokers.TestMethodWorker.run(TestMethodWorker.java:134)
at java.base/java.util.ArrayList.forEach(ArrayList.java:1597)
at org.testng.TestRunner.privateRun(TestRunner.java:739)
at org.testng.TestRunner.run(TestRunner.java:614)
at org.testng.SuiteRunner.runTest(SuiteRunner.java:421)
at org.testng.SuiteRunner.runSequentially(SuiteRunner.java:413)
at org.testng.SuiteRunner.privateRun(SuiteRunner.java:373)
at org.testng.SuiteRunner.run(SuiteRunner.java:312)
at org.testng.SuiteRunnerWorker.runSuite(SuiteRunnerWorker.java:52)
at org.testng.SuiteRunnerWorker.run(SuiteRunnerWorker.java:95)
at org.testng.TestNG.runSuitesSequentially(TestNG.java:1274)
at org.testng.TestNG.runSuitesLocally(TestNG.java:1208)
at org.testng.TestNG.runSuites(TestNG.java:1112)
at org.testng.TestNG.run(TestNG.java:1079)
at org.apache.maven.surefire.testng.TestNGExecutor.run(TestNGExecutor.java:135)
at org.apache.maven.surefire.testng.TestNGDirectoryTestSuite.executeMulti(TestNGDirectoryTestSuite.java:193)
at org.apache.maven.surefire.testng.TestNGDirectoryTestSuite.execute(TestNGDirectoryTestSuite.java:94)
at org.apache.maven.surefire.testng.TestNGProvider.invoke(TestNGProvider.java:146)
at org.apache.maven.surefire.booter.ForkedBooter.invokeProviderInSameClassLoader(ForkedBooter.java:383)
at org.apache.maven.surefire.booter.ForkedBooter.runSuitesInProcess(ForkedBooter.java:344)
at org.apache.maven.surefire.booter.ForkedBooter.execute(ForkedBooter.java:125)
at org.apache.maven.surefire.booter.ForkedBooter.main(ForkedBooter.java:417)
]]>
            </full-stacktrace>
          </exception> <!-- org.openqa.selenium.NoSuchElementException -->
          <reporter-output>
          </reporter-output>
        </test-method> <!-- FormTest -->
        <test-method is-config="true" signature="tearDown()[pri:0, instance:selfhealinglocators.Tests@27c86f2d]" started-at="2024-09-30T17:09:19 CST" name="tearDown" finished-at="2024-09-30T17:09:19 CST" duration-ms="85" status="PASS">
          <reporter-output>
          </reporter-output>
        </test-method> <!-- tearDown -->
        <test-method is-config="true" signature="setUp(selfhealinglocators.DriverType)[pri:0, instance:selfhealinglocators.Tests@27c86f2d]" started-at="2024-09-30T17:09:19 CST" name="setUp" finished-at="2024-09-30T17:09:20 CST" duration-ms="660" status="PASS">
          <params>
            <param index="0">
              <value>
                <![CDATA[ChromeHealenium]]>
              </value>
            </param>
          </params>
          <reporter-output>
          </reporter-output>
        </test-method> <!-- setUp -->
        <test-method signature="FormTest(java.lang.String,java.lang.String,java.lang.String,java.lang.String)[pri:0, instance:selfhealinglocators.Tests@27c86f2d]" started-at="2024-09-30T17:09:20 CST" name="FormTest" data-provider="testData" finished-at="2024-09-30T17:09:22 CST" duration-ms="1793" status="FAIL">
          <params>
            <param index="0">
              <value>
                <![CDATA[http://r4d4.info/form-button-label2]]>
              </value>
            </param>
            <param index="1">
              <value>
                <![CDATA[//input[@id='messageNew']]]>
              </value>
            </param>
            <param index="2">
              <value>
                <![CDATA[//button[@id='changer']]]>
              </value>
            </param>
            <param index="3">
              <value>
                <![CDATA[broken]]>
              </value>
            </param>
          </params>
          <exception class="org.openqa.selenium.NoSuchElementException">
            <message>
              <![CDATA[no such element: Unable to locate element: {"method":"xpath","selector":"//button[@id='changer']"}
  (Session info: chrome=128.0.6613.119)
For documentation on this error, please visit: https://www.selenium.dev/documentation/webdriver/troubleshooting/errors#no-such-element-exception
Build info: version: '4.25.0', revision: '8a8aea2337'
System info: os.name: 'Mac OS X', os.arch: 'x86_64', os.version: '14.7', java.version: '22.0.2'
Driver info: org.openqa.selenium.remote.RemoteWebDriver
Command: [a3ce93feb2be8d4012a9e40b695485d9, findElement {value=//button[@id='changer'], using=xpath}]
Capabilities {acceptInsecureCerts: false, browserName: chrome, browserVersion: 128.0.6613.119, chrome: {chromedriverVersion: 128.0.6613.119 (6e439cfca4d..., userDataDir: /tmp/.org.chromium.Chromium...}, fedcm:accounts: true, goog:chromeOptions: {debuggerAddress: localhost:37739}, networkConnectionEnabled: false, pageLoadStrategy: normal, platformName: linux, proxy: Proxy(), se:bidiEnabled: false, se:cdp: ws://172.18.0.5:4444/sessio..., se:cdpVersion: 128.0.6613.119, se:containerName: , se:noVncPort: 7900, se:vnc: ws://172.18.0.5:4444/sessio..., se:vncEnabled: true, se:vncLocalAddress: ws://172.18.0.5:7900, setWindowRect: true, strictFileInteractability: false, timeouts: {implicit: 0, pageLoad: 300000, script: 30000}, unhandledPromptBehavior: dismiss and notify, webauthn:extension:credBlob: true, webauthn:extension:largeBlob: true, webauthn:extension:minPinLength: true, webauthn:extension:prf: true, webauthn:virtualAuthenticators: true}
Session ID: a3ce93feb2be8d4012a9e40b695485d9]]>
            </message>
            <full-stacktrace>
              <![CDATA[org.openqa.selenium.NoSuchElementException: no such element: Unable to locate element: {"method":"xpath","selector":"//button[@id='changer']"}
  (Session info: chrome=128.0.6613.119)
For documentation on this error, please visit: https://www.selenium.dev/documentation/webdriver/troubleshooting/errors#no-such-element-exception
Build info: version: '4.25.0', revision: '8a8aea2337'
System info: os.name: 'Mac OS X', os.arch: 'x86_64', os.version: '14.7', java.version: '22.0.2'
Driver info: org.openqa.selenium.remote.RemoteWebDriver
Command: [a3ce93feb2be8d4012a9e40b695485d9, findElement {value=//button[@id='changer'], using=xpath}]
Capabilities {acceptInsecureCerts: false, browserName: chrome, browserVersion: 128.0.6613.119, chrome: {chromedriverVersion: 128.0.6613.119 (6e439cfca4d..., userDataDir: /tmp/.org.chromium.Chromium...}, fedcm:accounts: true, goog:chromeOptions: {debuggerAddress: localhost:37739}, networkConnectionEnabled: false, pageLoadStrategy: normal, platformName: linux, proxy: Proxy(), se:bidiEnabled: false, se:cdp: ws://172.18.0.5:4444/sessio..., se:cdpVersion: 128.0.6613.119, se:containerName: , se:noVncPort: 7900, se:vnc: ws://172.18.0.5:4444/sessio..., se:vncEnabled: true, se:vncLocalAddress: ws://172.18.0.5:7900, setWindowRect: true, strictFileInteractability: false, timeouts: {implicit: 0, pageLoad: 300000, script: 30000}, unhandledPromptBehavior: dismiss and notify, webauthn:extension:credBlob: true, webauthn:extension:largeBlob: true, webauthn:extension:minPinLength: true, webauthn:extension:prf: true, webauthn:virtualAuthenticators: true}
Session ID: a3ce93feb2be8d4012a9e40b695485d9
at java.base/jdk.internal.reflect.DirectConstructorHandleAccessor.newInstance(DirectConstructorHandleAccessor.java:62)
at java.base/java.lang.reflect.Constructor.newInstanceWithCaller(Constructor.java:502)
at java.base/java.lang.reflect.Constructor.newInstance(Constructor.java:486)
at org.openqa.selenium.remote.ErrorCodec.decode(ErrorCodec.java:167)
at org.openqa.selenium.remote.codec.w3c.W3CHttpResponseCodec.decode(W3CHttpResponseCodec.java:138)
at org.openqa.selenium.remote.codec.w3c.W3CHttpResponseCodec.decode(W3CHttpResponseCodec.java:50)
at org.openqa.selenium.remote.HttpCommandExecutor.execute(HttpCommandExecutor.java:190)
at org.openqa.selenium.remote.TracedCommandExecutor.execute(TracedCommandExecutor.java:53)
at org.openqa.selenium.remote.RemoteWebDriver.execute(RemoteWebDriver.java:545)
at org.openqa.selenium.remote.ElementLocation$ElementFinder$2.findElement(ElementLocation.java:165)
at org.openqa.selenium.remote.ElementLocation.findElement(ElementLocation.java:59)
at org.openqa.selenium.remote.RemoteWebDriver.findElement(RemoteWebDriver.java:368)
at org.openqa.selenium.remote.RemoteWebDriver.findElement(RemoteWebDriver.java:362)
at com.epam.healenium.processor.FindElementProcessor.execute(FindElementProcessor.java:23)
at com.epam.healenium.processor.BaseProcessor.process(BaseProcessor.java:42)
at com.epam.healenium.handlers.proxy.BaseHandler.findElement(BaseHandler.java:63)
at com.epam.healenium.handlers.proxy.SelfHealingProxyInvocationHandler.invoke(SelfHealingProxyInvocationHandler.java:39)
at jdk.proxy2/jdk.proxy2.$Proxy8.findElement(Unknown Source)
at selfhealinglocators.Tests.FormTest(Tests.java:45)
at java.base/jdk.internal.reflect.DirectMethodHandleAccessor.invoke(DirectMethodHandleAccessor.java:103)
at java.base/java.lang.reflect.Method.invoke(Method.java:580)
at org.testng.internal.invokers.MethodInvocationHelper.invokeMethod(MethodInvocationHelper.java:141)
at org.testng.internal.invokers.TestInvoker.invokeMethod(TestInvoker.java:686)
at org.testng.internal.invokers.TestInvoker.invokeTestMethod(TestInvoker.java:230)
at org.testng.internal.invokers.MethodRunner.runInSequence(MethodRunner.java:63)
at org.testng.internal.invokers.TestInvoker$MethodInvocationAgent.invoke(TestInvoker.java:992)
at org.testng.internal.invokers.TestInvoker.invokeTestMethods(TestInvoker.java:203)
at org.testng.internal.invokers.TestMethodWorker.invokeTestMethods(TestMethodWorker.java:154)
at org.testng.internal.invokers.TestMethodWorker.run(TestMethodWorker.java:134)
at java.base/java.util.ArrayList.forEach(ArrayList.java:1597)
at org.testng.TestRunner.privateRun(TestRunner.java:739)
at org.testng.TestRunner.run(TestRunner.java:614)
at org.testng.SuiteRunner.runTest(SuiteRunner.java:421)
at org.testng.SuiteRunner.runSequentially(SuiteRunner.java:413)
at org.testng.SuiteRunner.privateRun(SuiteRunner.java:373)
at org.testng.SuiteRunner.run(SuiteRunner.java:312)
at org.testng.SuiteRunnerWorker.runSuite(SuiteRunnerWorker.java:52)
at org.testng.SuiteRunnerWorker.run(SuiteRunnerWorker.java:95)
at org.testng.TestNG.runSuitesSequentially(TestNG.java:1274)
at org.testng.TestNG.runSuitesLocally(TestNG.java:1208)
at org.testng.TestNG.runSuites(TestNG.java:1112)
at org.testng.TestNG.run(TestNG.java:1079)
at org.apache.maven.surefire.testng.TestNGExecutor.run(TestNGExecutor.java:135)
at org.apache.maven.surefire.testng.TestNGDirectoryTestSuite.executeMulti(TestNGDirectoryTestSuite.java:193)
at org.apache.maven.surefire.testng.TestNGDirectoryTestSuite.execute(TestNGDirectoryTestSuite.java:94)
at org.apache.maven.surefire.testng.TestNGProvider.invoke(TestNGProvider.java:146)
at org.apache.maven.surefire.booter.ForkedBooter.invokeProviderInSameClassLoader(ForkedBooter.java:383)
at org.apache.maven.surefire.booter.ForkedBooter.runSuitesInProcess(ForkedBooter.java:344)
at org.apache.maven.surefire.booter.ForkedBooter.execute(ForkedBooter.java:125)
at org.apache.maven.surefire.booter.ForkedBooter.main(ForkedBooter.java:417)
]]>
            </full-stacktrace>
          </exception> <!-- org.openqa.selenium.NoSuchElementException -->
          <reporter-output>
          </reporter-output>
        </test-method> <!-- FormTest -->
        <test-method is-config="true" signature="tearDown()[pri:0, instance:selfhealinglocators.Tests@27c86f2d]" started-at="2024-09-30T17:09:22 CST" name="tearDown" finished-at="2024-09-30T17:09:22 CST" duration-ms="84" status="PASS">
          <reporter-output>
          </reporter-output>
        </test-method> <!-- tearDown -->
        <test-method is-config="true" signature="setUp(selfhealinglocators.DriverType)[pri:0, instance:selfhealinglocators.Tests@27c86f2d]" started-at="2024-09-30T17:09:22 CST" name="setUp" finished-at="2024-09-30T17:09:22 CST" duration-ms="495" status="PASS">
          <params>
            <param index="0">
              <value>
                <![CDATA[ChromeHealenium]]>
              </value>
            </param>
          </params>
          <reporter-output>
          </reporter-output>
        </test-method> <!-- setUp -->
        <test-method signature="FormTest(java.lang.String,java.lang.String,java.lang.String,java.lang.String)[pri:0, instance:selfhealinglocators.Tests@27c86f2d]" started-at="2024-09-30T17:09:22 CST" name="FormTest" data-provider="testData" finished-at="2024-09-30T17:09:23 CST" duration-ms="763" status="PASS">
          <params>
            <param index="0">
              <value>
                <![CDATA[https://juanfonsecagl.github.io/juanfonsecaGL/selfHealingTests/form-button-label.html]]>
              </value>
            </param>
            <param index="1">
              <value>
                <![CDATA[//input[@placeholder='Message']]]>
              </value>
            </param>
            <param index="2">
              <value>
                <![CDATA[//button[@id='changer']]]>
              </value>
            </param>
            <param index="3">
              <value>
                <![CDATA[correct]]>
              </value>
            </param>
          </params>
          <reporter-output>
          </reporter-output>
        </test-method> <!-- FormTest -->
        <test-method is-config="true" signature="tearDown()[pri:0, instance:selfhealinglocators.Tests@27c86f2d]" started-at="2024-09-30T17:09:23 CST" name="tearDown" finished-at="2024-09-30T17:09:23 CST" duration-ms="87" status="PASS">
          <reporter-output>
          </reporter-output>
        </test-method> <!-- tearDown -->
        <test-method is-config="true" signature="setUp(selfhealinglocators.DriverType)[pri:0, instance:selfhealinglocators.Tests@27c86f2d]" started-at="2024-09-30T17:09:23 CST" name="setUp" finished-at="2024-09-30T17:09:24 CST" duration-ms="775" status="PASS">
          <params>
            <param index="0">
              <value>
                <![CDATA[ChromeHealenium]]>
              </value>
            </param>
          </params>
          <reporter-output>
          </reporter-output>
        </test-method> <!-- setUp -->
        <test-method signature="FormTest(java.lang.String,java.lang.String,java.lang.String,java.lang.String)[pri:0, instance:selfhealinglocators.Tests@27c86f2d]" started-at="2024-09-30T17:09:24 CST" name="FormTest" data-provider="testData" finished-at="2024-09-30T17:09:25 CST" duration-ms="804" status="PASS">
          <params>
            <param index="0">
              <value>
                <![CDATA[https://juanfonsecagl.github.io/juanfonsecaGL/selfHealingTests/form-button-label3.html]]>
              </value>
            </param>
            <param index="1">
              <value>
                <![CDATA[//input[@placeholder='Enter some text']]]>
              </value>
            </param>
            <param index="2">
              <value>
                <![CDATA[//button[@id='changer']]]>
              </value>
            </param>
            <param index="3">
              <value>
                <![CDATA[correct]]>
              </value>
            </param>
          </params>
          <reporter-output>
          </reporter-output>
        </test-method> <!-- FormTest -->
        <test-method is-config="true" signature="tearDown()[pri:0, instance:selfhealinglocators.Tests@27c86f2d]" started-at="2024-09-30T17:09:25 CST" name="tearDown" finished-at="2024-09-30T17:09:25 CST" duration-ms="84" status="PASS">
          <reporter-output>
          </reporter-output>
        </test-method> <!-- tearDown -->
        <test-method is-config="true" signature="setUp(selfhealinglocators.DriverType)[pri:0, instance:selfhealinglocators.Tests@27c86f2d]" started-at="2024-09-30T17:09:25 CST" name="setUp" finished-at="2024-09-30T17:09:25 CST" duration-ms="495" status="PASS">
          <params>
            <param index="0">
              <value>
                <![CDATA[ChromeHealenium]]>
              </value>
            </param>
          </params>
          <reporter-output>
          </reporter-output>
        </test-method> <!-- setUp -->
        <test-method signature="FormTest(java.lang.String,java.lang.String,java.lang.String,java.lang.String)[pri:0, instance:selfhealinglocators.Tests@27c86f2d]" started-at="2024-09-30T17:09:25 CST" name="FormTest" data-provider="testData" finished-at="2024-09-30T17:09:26 CST" duration-ms="891" status="PASS">
          <params>
            <param index="0">
              <value>
                <![CDATA[https://juanfonsecagl.github.io/juanfonsecaGL/selfHealingTests/form-button-label.html]]>
              </value>
            </param>
            <param index="1">
              <value>
                <![CDATA[//input[@placeholder='Enter some text']]]>
              </value>
            </param>
            <param index="2">
              <value>
                <![CDATA[//button[@id='changer']]]>
              </value>
            </param>
            <param index="3">
              <value>
                <![CDATA[broken]]>
              </value>
            </param>
          </params>
          <reporter-output>
          </reporter-output>
        </test-method> <!-- FormTest -->
        <test-method is-config="true" signature="tearDown()[pri:0, instance:selfhealinglocators.Tests@27c86f2d]" started-at="2024-09-30T17:09:26 CST" name="tearDown" finished-at="2024-09-30T17:09:26 CST" duration-ms="84" status="PASS">
          <reporter-output>
          </reporter-output>
        </test-method> <!-- tearDown -->
        <test-method is-config="true" signature="setUp(selfhealinglocators.DriverType)[pri:0, instance:selfhealinglocators.Tests@27c86f2d]" started-at="2024-09-30T17:09:26 CST" name="setUp" finished-at="2024-09-30T17:09:27 CST" duration-ms="782" status="PASS">
          <params>
            <param index="0">
              <value>
                <![CDATA[ChromeHealenium]]>
              </value>
            </param>
          </params>
          <reporter-output>
          </reporter-output>
        </test-method> <!-- setUp -->
        <test-method signature="FormTest(java.lang.String,java.lang.String,java.lang.String,java.lang.String)[pri:0, instance:selfhealinglocators.Tests@27c86f2d]" started-at="2024-09-30T17:09:27 CST" name="FormTest" data-provider="testData" finished-at="2024-09-30T17:09:28 CST" duration-ms="887" status="PASS">
          <params>
            <param index="0">
              <value>
                <![CDATA[https://juanfonsecagl.github.io/juanfonsecaGL/selfHealingTests/form-button-label3.html]]>
              </value>
            </param>
            <param index="1">
              <value>
                <![CDATA[//input[@placeholder='Message']]]>
              </value>
            </param>
            <param index="2">
              <value>
                <![CDATA[//button[@id='changer']]]>
              </value>
            </param>
            <param index="3">
              <value>
                <![CDATA[broken]]>
              </value>
            </param>
          </params>
          <reporter-output>
          </reporter-output>
        </test-method> <!-- FormTest -->
        <test-method is-config="true" signature="tearDown()[pri:0, instance:selfhealinglocators.Tests@27c86f2d]" started-at="2024-09-30T17:09:28 CST" name="tearDown" finished-at="2024-09-30T17:09:28 CST" duration-ms="83" status="PASS">
          <reporter-output>
          </reporter-output>
        </test-method> <!-- tearDown -->
      </class> <!-- selfhealinglocators.Tests -->
    </test> <!-- Surefire test -->
  </suite> <!-- Surefire suite -->
</testng-results>
