<?xml version="1.0" encoding="UTF-8"?>
<!-- Generated by org.testng.reporters.JUnitXMLReporter -->
<testsuite ignored="0" hostname="Juan-Fonseca-MacBook-Pro" failures="0" tests="8" name="Surefire test" time="2.037" errors="0" timestamp="2024-10-07T15:00:48 CST">
  <testcase classname="selfhealinglocators.Tests" name="@BeforeMethod setUp" time="1.973">
    <failure type="java.lang.NoClassDefFoundError" message="com/testrigor/selfhealingselenium/infrastructure/adapters/TestrigorAdapter">
      <![CDATA[java.lang.NoClassDefFoundError: com/testrigor/selfhealingselenium/infrastructure/adapters/TestrigorAdapter
at com.testrigor.selfhealingselenium.TestRigor.create(TestRigor.java:18)
at com.testrigor.selfhealingselenium.TestRigor.selfHeal(TestRigor.java:14)
at selfhealinglocators.DriverManager.GetWebDriver(DriverManager.java:37)
at selfhealinglocators.Tests.setUp(Tests.java:23)
at java.base/java.util.ArrayList.forEach(ArrayList.java:1597)
Caused by: java.lang.ClassNotFoundException: com.testrigor.selfhealingselenium.infrastructure.adapters.TestrigorAdapter
at java.base/jdk.internal.loader.BuiltinClassLoader.loadClass(BuiltinClassLoader.java:641)
at java.base/jdk.internal.loader.ClassLoaders$AppClassLoader.loadClass(ClassLoaders.java:188)
at java.base/java.lang.ClassLoader.loadClass(ClassLoader.java:528)
... 39 more
... Removed 34 stack frames]]>
    </failure>
  </testcase> <!-- @BeforeMethod setUp -->
  <testcase classname="selfhealinglocators.Tests" name="@AfterMethod tearDown" time="0.0">
    <skipped/>
  </testcase> <!-- @AfterMethod tearDown -->
  <testcase classname="selfhealinglocators.Tests" name="@BeforeMethod setUp" time="0.0">
    <skipped/>
  </testcase> <!-- @BeforeMethod setUp -->
  <testcase classname="selfhealinglocators.Tests" name="@AfterMethod tearDown" time="0.0">
    <skipped/>
  </testcase> <!-- @AfterMethod tearDown -->
  <testcase classname="selfhealinglocators.Tests" name="@BeforeMethod setUp" time="0.0">
    <skipped/>
  </testcase> <!-- @BeforeMethod setUp -->
  <testcase classname="selfhealinglocators.Tests" name="@AfterMethod tearDown" time="0.0">
    <skipped/>
  </testcase> <!-- @AfterMethod tearDown -->
  <testcase classname="selfhealinglocators.Tests" name="@BeforeMethod setUp" time="0.0">
    <skipped/>
  </testcase> <!-- @BeforeMethod setUp -->
  <testcase classname="selfhealinglocators.Tests" name="@AfterMethod tearDown" time="0.0">
    <skipped/>
  </testcase> <!-- @AfterMethod tearDown -->
  <testcase classname="selfhealinglocators.Tests" name="@BeforeMethod setUp" time="0.0">
    <skipped/>
  </testcase> <!-- @BeforeMethod setUp -->
  <testcase classname="selfhealinglocators.Tests" name="@AfterMethod tearDown" time="0.0">
    <skipped/>
  </testcase> <!-- @AfterMethod tearDown -->
  <testcase classname="selfhealinglocators.Tests" name="@BeforeMethod setUp" time="0.0">
    <skipped/>
  </testcase> <!-- @BeforeMethod setUp -->
  <testcase classname="selfhealinglocators.Tests" name="@AfterMethod tearDown" time="0.0">
    <skipped/>
  </testcase> <!-- @AfterMethod tearDown -->
  <testcase classname="selfhealinglocators.Tests" name="@BeforeMethod setUp" time="0.0">
    <skipped/>
  </testcase> <!-- @BeforeMethod setUp -->
  <testcase classname="selfhealinglocators.Tests" name="@AfterMethod tearDown" time="0.0">
    <skipped/>
  </testcase> <!-- @AfterMethod tearDown -->
  <testcase classname="selfhealinglocators.Tests" name="@BeforeMethod setUp" time="0.0">
    <skipped/>
  </testcase> <!-- @BeforeMethod setUp -->
  <testcase classname="selfhealinglocators.Tests" name="@AfterMethod tearDown" time="0.0">
    <skipped/>
  </testcase> <!-- @AfterMethod tearDown -->
  <testcase classname="selfhealinglocators.Tests" name="FormTest" time="0.0">
    <skipped/>
  </testcase> <!-- FormTest -->
  <testcase classname="selfhealinglocators.Tests" name="FormTest" time="0.0">
    <skipped/>
  </testcase> <!-- FormTest -->
  <testcase classname="selfhealinglocators.Tests" name="FormTest" time="0.0">
    <skipped/>
  </testcase> <!-- FormTest -->
  <testcase classname="selfhealinglocators.Tests" name="FormTest" time="0.0">
    <skipped/>
  </testcase> <!-- FormTest -->
  <testcase classname="selfhealinglocators.Tests" name="FormTest" time="0.0">
    <skipped/>
  </testcase> <!-- FormTest -->
  <testcase classname="selfhealinglocators.Tests" name="FormTest" time="0.0">
    <skipped/>
  </testcase> <!-- FormTest -->
  <testcase classname="selfhealinglocators.Tests" name="FormTest" time="0.0">
    <skipped/>
  </testcase> <!-- FormTest -->
  <testcase classname="selfhealinglocators.Tests" name="FormTest" time="0.0">
    <skipped/>
  </testcase> <!-- FormTest -->
</testsuite> <!-- Surefire test -->
